<?xml version="1.0" encoding="UTF-8"?>
<testsuite name="br.com.seap.livraria.controllers.LivroControllerTest" tests="8" skipped="0" failures="0" errors="0" timestamp="2022-05-20T19:09:57" hostname="ygorsds" time="0.526">
  <properties/>
  <testcase name="Deve filtrar livros." classname="br.com.seap.livraria.controllers.LivroControllerTest" time="0.309"/>
  <testcase name="Deve atualizar um livro" classname="br.com.seap.livraria.controllers.LivroControllerTest" time="0.113"/>
  <testcase name="Deve retornar resource not found quando livro procuradonão existir." classname="br.com.seap.livraria.controllers.LivroControllerTest" time="0.018"/>
  <testcase name="Deve tentar criar um livro invalido e retornar um erro." classname="br.com.seap.livraria.controllers.LivroControllerTest" time="0.01"/>
  <testcase name="Deve obter informações  de um livro." classname="br.com.seap.livraria.controllers.LivroControllerTest" time="0.012"/>
  <testcase name="Deve lançar um erro ao cadastrar livro caso o isbn já existir." classname="br.com.seap.livraria.controllers.LivroControllerTest" time="0.018"/>
  <testcase name="Deve deletar um livro." classname="br.com.seap.livraria.controllers.LivroControllerTest" time="0.012"/>
  <testcase name="Deve criar um livro com sucesso." classname="br.com.seap.livraria.controllers.LivroControllerTest" time="0.017"/>
  <system-out><![CDATA[2022-05-20 16:09:56.983  INFO 29395 --- [    Test worker] .b.t.a.w.s.WebMvcTestContextBootstrapper : Neither @ContextConfiguration nor @ContextHierarchy found for test class [br.com.seap.livraria.controllers.LivroControllerTest], using SpringBootContextLoader
2022-05-20 16:09:56.984  INFO 29395 --- [    Test worker] o.s.t.c.support.AbstractContextLoader    : Could not detect default resource locations for test class [br.com.seap.livraria.controllers.LivroControllerTest]: no resource found for suffixes {-context.xml, Context.groovy}.
2022-05-20 16:09:56.985  INFO 29395 --- [    Test worker] t.c.s.AnnotationConfigContextLoaderUtils : Could not detect default configuration classes for test class [br.com.seap.livraria.controllers.LivroControllerTest]: LivroControllerTest does not declare any static, non-private, non-final, nested classes annotated with @Configuration.
2022-05-20 16:09:56.988  INFO 29395 --- [    Test worker] .b.t.c.SpringBootTestContextBootstrapper : Found @SpringBootConfiguration br.com.seap.livraria.LivrariaApplication for test class br.com.seap.livraria.controllers.LivroControllerTest
2022-05-20 16:09:56.990  INFO 29395 --- [    Test worker] .b.t.a.w.s.WebMvcTestContextBootstrapper : Loaded default TestExecutionListener class names from location [META-INF/spring.factories]: [org.springframework.boot.test.autoconfigure.restdocs.RestDocsTestExecutionListener, org.springframework.boot.test.autoconfigure.web.client.MockRestServiceServerResetTestExecutionListener, org.springframework.boot.test.autoconfigure.web.servlet.MockMvcPrintOnlyOnFailureTestExecutionListener, org.springframework.boot.test.autoconfigure.web.servlet.WebDriverTestExecutionListener, org.springframework.boot.test.autoconfigure.webservices.client.MockWebServiceServerTestExecutionListener, org.springframework.boot.test.mock.mockito.MockitoTestExecutionListener, org.springframework.boot.test.mock.mockito.ResetMocksTestExecutionListener, org.springframework.test.context.web.ServletTestExecutionListener, org.springframework.test.context.support.DirtiesContextBeforeModesTestExecutionListener, org.springframework.test.context.event.ApplicationEventsTestExecutionListener, org.springframework.test.context.support.DependencyInjectionTestExecutionListener, org.springframework.test.context.support.DirtiesContextTestExecutionListener, org.springframework.test.context.transaction.TransactionalTestExecutionListener, org.springframework.test.context.jdbc.SqlScriptsTestExecutionListener, org.springframework.test.context.event.EventPublishingTestExecutionListener]
2022-05-20 16:09:56.991  INFO 29395 --- [    Test worker] .b.t.a.w.s.WebMvcTestContextBootstrapper : Using TestExecutionListeners: [org.springframework.test.context.web.ServletTestExecutionListener@758a41b0, org.springframework.test.context.support.DirtiesContextBeforeModesTestExecutionListener@75c2692b, org.springframework.test.context.event.ApplicationEventsTestExecutionListener@1de614f7, org.springframework.boot.test.mock.mockito.MockitoTestExecutionListener@60b6702e, org.springframework.boot.test.autoconfigure.SpringBootDependencyInjectionTestExecutionListener@47962a49, org.springframework.test.context.support.DirtiesContextTestExecutionListener@21fb98a1, org.springframework.test.context.transaction.TransactionalTestExecutionListener@c9761c5, org.springframework.test.context.jdbc.SqlScriptsTestExecutionListener@5ff34779, org.springframework.test.context.event.EventPublishingTestExecutionListener@29c1faac, org.springframework.boot.test.autoconfigure.restdocs.RestDocsTestExecutionListener@548251a5, org.springframework.boot.test.autoconfigure.web.client.MockRestServiceServerResetTestExecutionListener@632c8bb9, org.springframework.boot.test.autoconfigure.web.servlet.MockMvcPrintOnlyOnFailureTestExecutionListener@26a1c02a, org.springframework.boot.test.autoconfigure.web.servlet.WebDriverTestExecutionListener@934ac8, org.springframework.boot.test.autoconfigure.webservices.client.MockWebServiceServerTestExecutionListener@46da3c06, org.springframework.boot.test.mock.mockito.ResetMocksTestExecutionListener@41ac0627]

  .   ____          _            __ _ _
 /\\ / ___'_ __ _ _(_)_ __  __ _ \ \ \ \
( ( )\___ | '_ | '_| | '_ \/ _` | \ \ \ \
 \\/  ___)| |_)| | | | | || (_| |  ) ) ) )
  '  |____| .__|_| |_|_| |_\__, | / / / /
 =========|_|==============|___/=/_/_/_/
 :: Spring Boot ::                (v2.6.7)

2022-05-20 16:09:57.133  INFO 29395 --- [    Test worker] b.c.s.l.controllers.LivroControllerTest  : Starting LivroControllerTest using Java 17.0.3 on ygorsds with PID 29395 (started by ygorsds in /home/ygorsds/dev/projects/livraria)
2022-05-20 16:09:57.134  INFO 29395 --- [    Test worker] b.c.s.l.controllers.LivroControllerTest  : The following 1 profile is active: "test"
2022-05-20 16:09:57.765  INFO 29395 --- [    Test worker] o.s.b.t.m.w.SpringBootMockServletContext : Initializing Spring TestDispatcherServlet ''
2022-05-20 16:09:57.765  INFO 29395 --- [    Test worker] o.s.t.web.servlet.TestDispatcherServlet  : Initializing Servlet ''
2022-05-20 16:09:57.766  INFO 29395 --- [    Test worker] o.s.t.web.servlet.TestDispatcherServlet  : Completed initialization in 1 ms
2022-05-20 16:09:57.775  INFO 29395 --- [    Test worker] b.c.s.l.controllers.LivroControllerTest  : Started LivroControllerTest in 0.664 seconds (JVM running for 15.124)
null
12
Branca
Autor
1234
Isbn já cadastrado.
]]></system-out>
  <system-err><![CDATA[]]></system-err>
</testsuite>
