<?xml version="1.0" encoding="UTF-8"?>
<testsuite name="br.com.seap.livraria.controllers.EmprestimoControllerTest" tests="1" skipped="0" failures="0" errors="0" timestamp="2022-05-20T19:09:56" hostname="ygorsds" time="0.077">
  <properties/>
  <testcase name="Deve realizar um emprestimo." classname="br.com.seap.livraria.controllers.EmprestimoControllerTest" time="0.077"/>
  <system-out><![CDATA[2022-05-20 16:09:55.845  INFO 29395 --- [    Test worker] .b.t.a.w.s.WebMvcTestContextBootstrapper : Neither @ContextConfiguration nor @ContextHierarchy found for test class [br.com.seap.livraria.controllers.EmprestimoControllerTest], using SpringBootContextLoader
2022-05-20 16:09:55.846  INFO 29395 --- [    Test worker] o.s.t.c.support.AbstractContextLoader    : Could not detect default resource locations for test class [br.com.seap.livraria.controllers.EmprestimoControllerTest]: no resource found for suffixes {-context.xml, Context.groovy}.
2022-05-20 16:09:55.847  INFO 29395 --- [    Test worker] t.c.s.AnnotationConfigContextLoaderUtils : Could not detect default configuration classes for test class [br.com.seap.livraria.controllers.EmprestimoControllerTest]: EmprestimoControllerTest does not declare any static, non-private, non-final, nested classes annotated with @Configuration.
2022-05-20 16:09:55.873  INFO 29395 --- [    Test worker] .b.t.c.SpringBootTestContextBootstrapper : Found @SpringBootConfiguration br.com.seap.livraria.LivrariaApplication for test class br.com.seap.livraria.controllers.EmprestimoControllerTest
2022-05-20 16:09:55.874  INFO 29395 --- [    Test worker] .b.t.a.w.s.WebMvcTestContextBootstrapper : Loaded default TestExecutionListener class names from location [META-INF/spring.factories]: [org.springframework.boot.test.autoconfigure.restdocs.RestDocsTestExecutionListener, org.springframework.boot.test.autoconfigure.web.client.MockRestServiceServerResetTestExecutionListener, org.springframework.boot.test.autoconfigure.web.servlet.MockMvcPrintOnlyOnFailureTestExecutionListener, org.springframework.boot.test.autoconfigure.web.servlet.WebDriverTestExecutionListener, org.springframework.boot.test.autoconfigure.webservices.client.MockWebServiceServerTestExecutionListener, org.springframework.boot.test.mock.mockito.MockitoTestExecutionListener, org.springframework.boot.test.mock.mockito.ResetMocksTestExecutionListener, org.springframework.test.context.web.ServletTestExecutionListener, org.springframework.test.context.support.DirtiesContextBeforeModesTestExecutionListener, org.springframework.test.context.event.ApplicationEventsTestExecutionListener, org.springframework.test.context.support.DependencyInjectionTestExecutionListener, org.springframework.test.context.support.DirtiesContextTestExecutionListener, org.springframework.test.context.transaction.TransactionalTestExecutionListener, org.springframework.test.context.jdbc.SqlScriptsTestExecutionListener, org.springframework.test.context.event.EventPublishingTestExecutionListener]
2022-05-20 16:09:55.875  INFO 29395 --- [    Test worker] .b.t.a.w.s.WebMvcTestContextBootstrapper : Using TestExecutionListeners: [org.springframework.test.context.web.ServletTestExecutionListener@6706552a, org.springframework.test.context.support.DirtiesContextBeforeModesTestExecutionListener@7e8ff0dc, org.springframework.test.context.event.ApplicationEventsTestExecutionListener@8b3c5a0, org.springframework.boot.test.mock.mockito.MockitoTestExecutionListener@10e94abd, org.springframework.boot.test.autoconfigure.SpringBootDependencyInjectionTestExecutionListener@4513f28f, org.springframework.test.context.support.DirtiesContextTestExecutionListener@441bf3e1, org.springframework.test.context.transaction.TransactionalTestExecutionListener@5293b007, org.springframework.test.context.jdbc.SqlScriptsTestExecutionListener@8f5b44a, org.springframework.test.context.event.EventPublishingTestExecutionListener@5228b851, org.springframework.boot.test.autoconfigure.restdocs.RestDocsTestExecutionListener@49b7cd0e, org.springframework.boot.test.autoconfigure.web.client.MockRestServiceServerResetTestExecutionListener@6eb5fb7, org.springframework.boot.test.autoconfigure.web.servlet.MockMvcPrintOnlyOnFailureTestExecutionListener@2319ecc4, org.springframework.boot.test.autoconfigure.web.servlet.WebDriverTestExecutionListener@34e422c6, org.springframework.boot.test.autoconfigure.webservices.client.MockWebServiceServerTestExecutionListener@43cc56e9, org.springframework.boot.test.mock.mockito.ResetMocksTestExecutionListener@1f86afc0]

  .   ____          _            __ _ _
 /\\ / ___'_ __ _ _(_)_ __  __ _ \ \ \ \
( ( )\___ | '_ | '_| | '_ \/ _` | \ \ \ \
 \\/  ___)| |_)| | | | | || (_| |  ) ) ) )
  '  |____| .__|_| |_|_| |_\__, | / / / /
 =========|_|==============|___/=/_/_/_/
 :: Spring Boot ::                (v2.6.7)

2022-05-20 16:09:55.912  INFO 29395 --- [    Test worker] b.c.s.l.c.EmprestimoControllerTest       : Starting EmprestimoControllerTest using Java 17.0.3 on ygorsds with PID 29395 (started by ygorsds in /home/ygorsds/dev/projects/livraria)
2022-05-20 16:09:55.912  INFO 29395 --- [    Test worker] b.c.s.l.c.EmprestimoControllerTest       : The following 1 profile is active: "test"
2022-05-20 16:09:56.880  INFO 29395 --- [    Test worker] o.s.b.t.m.w.SpringBootMockServletContext : Initializing Spring TestDispatcherServlet ''
2022-05-20 16:09:56.880  INFO 29395 --- [    Test worker] o.s.t.web.servlet.TestDispatcherServlet  : Initializing Servlet ''
2022-05-20 16:09:56.881  INFO 29395 --- [    Test worker] o.s.t.web.servlet.TestDispatcherServlet  : Completed initialization in 1 ms
2022-05-20 16:09:56.895  INFO 29395 --- [    Test worker] b.c.s.l.c.EmprestimoControllerTest       : Started EmprestimoControllerTest in 1.017 seconds (JVM running for 14.244)
]]></system-out>
  <system-err><![CDATA[]]></system-err>
</testsuite>
