<?xml version="1.0" encoding="UTF-8"?>
<testsuite name="br.com.seap.livraria.services.LivroServiceTest" tests="7" skipped="0" failures="0" errors="0" timestamp="2022-05-20T19:09:59" hostname="ygorsds" time="0.132">
  <properties/>
  <testcase name="Deve filtrar livros pelas propriedades." classname="br.com.seap.livraria.services.LivroServiceTest" time="0.023"/>
  <testcase name="Deve atualizar um livro" classname="br.com.seap.livraria.services.LivroServiceTest" time="0.026"/>
  <testcase name="Deve retornar uma exception caso o livro não exista." classname="br.com.seap.livraria.services.LivroServiceTest" time="0.035"/>
  <testcase name="Deve obter um livro por id." classname="br.com.seap.livraria.services.LivroServiceTest" time="0.004"/>
  <testcase name="Deve salvar um livro." classname="br.com.seap.livraria.services.LivroServiceTest" time="0.004"/>
  <testcase name="Deve deletar um livro." classname="br.com.seap.livraria.services.LivroServiceTest" time="0.026"/>
  <testcase name="Develançar um erro de negocio ao tentar salvar um livro com isbn duplicado" classname="br.com.seap.livraria.services.LivroServiceTest" time="0.004"/>
  <system-out><![CDATA[2022-05-20 16:09:59.692  INFO 29395 --- [    Test worker] o.s.t.c.s.DefaultTestContextBootstrapper : Neither @ContextConfiguration nor @ContextHierarchy found for test class [br.com.seap.livraria.services.LivroServiceTest], using DelegatingSmartContextLoader
2022-05-20 16:09:59.693  INFO 29395 --- [    Test worker] o.s.t.c.support.AbstractContextLoader    : Could not detect default resource locations for test class [br.com.seap.livraria.services.LivroServiceTest]: no resource found for suffixes {-context.xml}.
2022-05-20 16:09:59.695  INFO 29395 --- [    Test worker] t.c.s.AnnotationConfigContextLoaderUtils : Could not detect default configuration classes for test class [br.com.seap.livraria.services.LivroServiceTest]: LivroServiceTest does not declare any static, non-private, non-final, nested classes annotated with @Configuration.
2022-05-20 16:09:59.701  INFO 29395 --- [    Test worker] o.s.t.c.s.DefaultTestContextBootstrapper : Loaded default TestExecutionListener class names from location [META-INF/spring.factories]: [org.springframework.boot.test.autoconfigure.restdocs.RestDocsTestExecutionListener, org.springframework.boot.test.autoconfigure.web.client.MockRestServiceServerResetTestExecutionListener, org.springframework.boot.test.autoconfigure.web.servlet.MockMvcPrintOnlyOnFailureTestExecutionListener, org.springframework.boot.test.autoconfigure.web.servlet.WebDriverTestExecutionListener, org.springframework.boot.test.autoconfigure.webservices.client.MockWebServiceServerTestExecutionListener, org.springframework.boot.test.mock.mockito.MockitoTestExecutionListener, org.springframework.boot.test.mock.mockito.ResetMocksTestExecutionListener, org.springframework.test.context.web.ServletTestExecutionListener, org.springframework.test.context.support.DirtiesContextBeforeModesTestExecutionListener, org.springframework.test.context.event.ApplicationEventsTestExecutionListener, org.springframework.test.context.support.DependencyInjectionTestExecutionListener, org.springframework.test.context.support.DirtiesContextTestExecutionListener, org.springframework.test.context.transaction.TransactionalTestExecutionListener, org.springframework.test.context.jdbc.SqlScriptsTestExecutionListener, org.springframework.test.context.event.EventPublishingTestExecutionListener]
2022-05-20 16:09:59.703  INFO 29395 --- [    Test worker] o.s.t.c.s.DefaultTestContextBootstrapper : Using TestExecutionListeners: [org.springframework.test.context.web.ServletTestExecutionListener@1653dfbf, org.springframework.test.context.support.DirtiesContextBeforeModesTestExecutionListener@1644d1cf, org.springframework.test.context.event.ApplicationEventsTestExecutionListener@3ddff8de, org.springframework.boot.test.mock.mockito.MockitoTestExecutionListener@38975904, org.springframework.test.context.support.DependencyInjectionTestExecutionListener@30b1d78e, org.springframework.test.context.support.DirtiesContextTestExecutionListener@4ba2fe, org.springframework.test.context.transaction.TransactionalTestExecutionListener@4290a321, org.springframework.test.context.jdbc.SqlScriptsTestExecutionListener@404d8d0e, org.springframework.test.context.event.EventPublishingTestExecutionListener@7e7e3f2e, org.springframework.boot.test.autoconfigure.restdocs.RestDocsTestExecutionListener@23ff2e4d, org.springframework.boot.test.autoconfigure.web.client.MockRestServiceServerResetTestExecutionListener@64b108b8, org.springframework.boot.test.autoconfigure.web.servlet.MockMvcPrintOnlyOnFailureTestExecutionListener@4838ccdd, org.springframework.boot.test.autoconfigure.web.servlet.WebDriverTestExecutionListener@47b00dbb, org.springframework.boot.test.autoconfigure.webservices.client.MockWebServiceServerTestExecutionListener@1de7ce46, org.springframework.boot.test.mock.mockito.ResetMocksTestExecutionListener@717fe18a]
]]></system-out>
  <system-err><![CDATA[]]></system-err>
</testsuite>
